<?xml version="1.0" encoding="UTF-8"?>
<!-- Generated by org.testng.reporters.JUnitXMLReporter -->
<testsuite ignored="1" hostname="SOMESH-VERENKAR-007" failures="0" tests="19" name="Test" time="0.262" errors="0" timestamp="2022-01-12T12:31:09 IST">
  <testcase classname="TestNG.InvocationCount" name="chats" time="0.01"/>
  <testcase classname="TestNG.InvocationCount" name="chats" time="0.001"/>
  <testcase classname="TestNG.InvocationCount" name="chats" time="0.005"/>
  <testcase classname="TestNG.InvocationCount" name="settings" time="0.002"/>
  <testcase classname="TestNG.InvocationCount" name="settings" time="0.001"/>
  <testcase classname="TestNG.InvocationCount" name="calls" time="0.004"/>
  <testcase classname="TestNG.InvocationCount" name="calls" time="0.003"/>
  <testcase classname="TestNG.InvocationCount" name="calls" time="0.005"/>
  <testcase classname="TestNG.ToSkip_enabled" name="chats" time="0.003"/>
  <testcase classname="TestNG.ToSkip_enabled" name="chats" time="0.002"/>
  <testcase classname="TestNG.ToSkip_enabled" name="chats" time="0.002"/>
  <testcase classname="TestNG.ToSkip_enabled" name="calls" time="0.002"/>
  <testcase classname="TestNG.ToSkip_enabled" name="calls" time="0.002"/>
  <testcase classname="TestNG.ToSkip_enabled" name="calls" time="0.014"/>
  <testcase classname="TestNG.Test0" name="demo" time="0.01"/>
  <testcase classname="TestNG.Test0" name="demo1" time="0.002"/>
  <testcase classname="TestNG.Priority" name="chats" time="0.003"/>
  <testcase classname="TestNG.Priority" name="settings" time="0.006"/>
  <testcase classname="TestNG.Priority" name="calls" time="0.002"/>
  <testcase classname="TestNG.ToSkip_enabled" name="settings" time="0.0">
    <ignored/>
  </testcase> <!-- settings -->
</testsuite> <!-- Test -->
